ERROR - 2024-05-16 17:06:23 --> mysqli_sql_exception: Table 'biblioteca.emprestimos' doesn't exist in /opt/lampp/htdocs/ci4_biblioteca(1)/system/Database/MySQLi/Connection.php:306
Stack trace:
#0 /opt/lampp/htdocs/ci4_biblioteca(1)/system/Database/MySQLi/Connection.php(306): mysqli->query()
#1 /opt/lampp/htdocs/ci4_biblioteca(1)/system/Database/BaseConnection.php(693): CodeIgniter\Database\MySQLi\Connection->execute()
#2 /opt/lampp/htdocs/ci4_biblioteca(1)/system/Database/BaseConnection.php(607): CodeIgniter\Database\BaseConnection->simpleQuery()
#3 /opt/lampp/htdocs/ci4_biblioteca(1)/system/Database/BaseBuilder.php(1616): CodeIgniter\Database\BaseConnection->query()
#4 /opt/lampp/htdocs/ci4_biblioteca(1)/system/Model.php(242): CodeIgniter\Database\BaseBuilder->get()
#5 /opt/lampp/htdocs/ci4_biblioteca(1)/system/BaseModel.php(638): CodeIgniter\Model->doFindAll()
#6 /opt/lampp/htdocs/ci4_biblioteca(1)/app/Controllers/Emprestimo.php(26): CodeIgniter\BaseModel->findAll()
#7 /opt/lampp/htdocs/ci4_biblioteca(1)/system/CodeIgniter.php(941): App\Controllers\Emprestimo->index()
#8 /opt/lampp/htdocs/ci4_biblioteca(1)/system/CodeIgniter.php(502): CodeIgniter\CodeIgniter->runController()
#9 /opt/lampp/htdocs/ci4_biblioteca(1)/system/CodeIgniter.php(361): CodeIgniter\CodeIgniter->handleRequest()
#10 /opt/lampp/htdocs/ci4_biblioteca(1)/public/index.php(79): CodeIgniter\CodeIgniter->run()
#11 /opt/lampp/htdocs/ci4_biblioteca(1)/system/Commands/Server/rewrite.php(47): require_once('...')
#12 {main}
CRITICAL - 2024-05-16 17:06:23 --> CodeIgniter\Database\Exceptions\DatabaseException: Table 'biblioteca.emprestimos' doesn't exist
in SYSTEMPATH/Database/BaseConnection.php on line 647.
 1 SYSTEMPATH/Database/BaseBuilder.php(1616): CodeIgniter\Database\BaseConnection->query()
 2 SYSTEMPATH/Model.php(242): CodeIgniter\Database\BaseBuilder->get()
 3 SYSTEMPATH/BaseModel.php(638): CodeIgniter\Model->doFindAll()
 4 APPPATH/Controllers/Emprestimo.php(26): CodeIgniter\BaseModel->findAll()
 5 SYSTEMPATH/CodeIgniter.php(941): App\Controllers\Emprestimo->index()
 6 SYSTEMPATH/CodeIgniter.php(502): CodeIgniter\CodeIgniter->runController()
 7 SYSTEMPATH/CodeIgniter.php(361): CodeIgniter\CodeIgniter->handleRequest()
 8 FCPATH/index.php(79): CodeIgniter\CodeIgniter->run()
 9 SYSTEMPATH/Commands/Server/rewrite.php(47): require_once('/opt/lampp/htdocs/ci4_biblioteca(1)/public/index.php')
CRITICAL - 2024-05-16 17:06:23 --> [Caused by] CodeIgniter\Database\Exceptions\DatabaseException: Table 'biblioteca.emprestimos' doesn't exist
in SYSTEMPATH/Database/MySQLi/Connection.php on line 311.
 1 SYSTEMPATH/Database/BaseConnection.php(693): CodeIgniter\Database\MySQLi\Connection->execute()
 2 SYSTEMPATH/Database/BaseConnection.php(607): CodeIgniter\Database\BaseConnection->simpleQuery()
 3 SYSTEMPATH/Database/BaseBuilder.php(1616): CodeIgniter\Database\BaseConnection->query()
 4 SYSTEMPATH/Model.php(242): CodeIgniter\Database\BaseBuilder->get()
 5 SYSTEMPATH/BaseModel.php(638): CodeIgniter\Model->doFindAll()
 6 APPPATH/Controllers/Emprestimo.php(26): CodeIgniter\BaseModel->findAll()
 7 SYSTEMPATH/CodeIgniter.php(941): App\Controllers\Emprestimo->index()
 8 SYSTEMPATH/CodeIgniter.php(502): CodeIgniter\CodeIgniter->runController()
 9 SYSTEMPATH/CodeIgniter.php(361): CodeIgniter\CodeIgniter->handleRequest()
10 FCPATH/index.php(79): CodeIgniter\CodeIgniter->run()
11 SYSTEMPATH/Commands/Server/rewrite.php(47): require_once('/opt/lampp/htdocs/ci4_biblioteca(1)/public/index.php')
CRITICAL - 2024-05-16 17:06:23 --> [Caused by] mysqli_sql_exception: Table 'biblioteca.emprestimos' doesn't exist
in SYSTEMPATH/Database/MySQLi/Connection.php on line 306.
 1 SYSTEMPATH/Database/MySQLi/Connection.php(306): mysqli->query()
 2 SYSTEMPATH/Database/BaseConnection.php(693): CodeIgniter\Database\MySQLi\Connection->execute()
 3 SYSTEMPATH/Database/BaseConnection.php(607): CodeIgniter\Database\BaseConnection->simpleQuery()
 4 SYSTEMPATH/Database/BaseBuilder.php(1616): CodeIgniter\Database\BaseConnection->query()
 5 SYSTEMPATH/Model.php(242): CodeIgniter\Database\BaseBuilder->get()
 6 SYSTEMPATH/BaseModel.php(638): CodeIgniter\Model->doFindAll()
 7 APPPATH/Controllers/Emprestimo.php(26): CodeIgniter\BaseModel->findAll()
 8 SYSTEMPATH/CodeIgniter.php(941): App\Controllers\Emprestimo->index()
 9 SYSTEMPATH/CodeIgniter.php(502): CodeIgniter\CodeIgniter->runController()
10 SYSTEMPATH/CodeIgniter.php(361): CodeIgniter\CodeIgniter->handleRequest()
11 FCPATH/index.php(79): CodeIgniter\CodeIgniter->run()
12 SYSTEMPATH/Commands/Server/rewrite.php(47): require_once('/opt/lampp/htdocs/ci4_biblioteca(1)/public/index.php')
ERROR - 2024-05-16 17:07:28 --> mysqli_sql_exception: Table 'biblioteca.livros' doesn't exist in /opt/lampp/htdocs/ci4_biblioteca(1)/system/Database/MySQLi/Connection.php:306
Stack trace:
#0 /opt/lampp/htdocs/ci4_biblioteca(1)/system/Database/MySQLi/Connection.php(306): mysqli->query()
#1 /opt/lampp/htdocs/ci4_biblioteca(1)/system/Database/BaseConnection.php(693): CodeIgniter\Database\MySQLi\Connection->execute()
#2 /opt/lampp/htdocs/ci4_biblioteca(1)/system/Database/BaseConnection.php(607): CodeIgniter\Database\BaseConnection->simpleQuery()
#3 /opt/lampp/htdocs/ci4_biblioteca(1)/system/Database/BaseBuilder.php(1616): CodeIgniter\Database\BaseConnection->query()
#4 /opt/lampp/htdocs/ci4_biblioteca(1)/system/Model.php(242): CodeIgniter\Database\BaseBuilder->get()
#5 /opt/lampp/htdocs/ci4_biblioteca(1)/system/BaseModel.php(638): CodeIgniter\Model->doFindAll()
#6 /opt/lampp/htdocs/ci4_biblioteca(1)/app/Controllers/Emprestimo.php(28): CodeIgniter\BaseModel->findAll()
#7 /opt/lampp/htdocs/ci4_biblioteca(1)/system/CodeIgniter.php(941): App\Controllers\Emprestimo->index()
#8 /opt/lampp/htdocs/ci4_biblioteca(1)/system/CodeIgniter.php(502): CodeIgniter\CodeIgniter->runController()
#9 /opt/lampp/htdocs/ci4_biblioteca(1)/system/CodeIgniter.php(361): CodeIgniter\CodeIgniter->handleRequest()
#10 /opt/lampp/htdocs/ci4_biblioteca(1)/public/index.php(79): CodeIgniter\CodeIgniter->run()
#11 /opt/lampp/htdocs/ci4_biblioteca(1)/system/Commands/Server/rewrite.php(47): require_once('...')
#12 {main}
CRITICAL - 2024-05-16 17:07:28 --> CodeIgniter\Database\Exceptions\DatabaseException: Table 'biblioteca.livros' doesn't exist
in SYSTEMPATH/Database/BaseConnection.php on line 647.
 1 SYSTEMPATH/Database/BaseBuilder.php(1616): CodeIgniter\Database\BaseConnection->query()
 2 SYSTEMPATH/Model.php(242): CodeIgniter\Database\BaseBuilder->get()
 3 SYSTEMPATH/BaseModel.php(638): CodeIgniter\Model->doFindAll()
 4 APPPATH/Controllers/Emprestimo.php(28): CodeIgniter\BaseModel->findAll()
 5 SYSTEMPATH/CodeIgniter.php(941): App\Controllers\Emprestimo->index()
 6 SYSTEMPATH/CodeIgniter.php(502): CodeIgniter\CodeIgniter->runController()
 7 SYSTEMPATH/CodeIgniter.php(361): CodeIgniter\CodeIgniter->handleRequest()
 8 FCPATH/index.php(79): CodeIgniter\CodeIgniter->run()
 9 SYSTEMPATH/Commands/Server/rewrite.php(47): require_once('/opt/lampp/htdocs/ci4_biblioteca(1)/public/index.php')
CRITICAL - 2024-05-16 17:07:28 --> [Caused by] CodeIgniter\Database\Exceptions\DatabaseException: Table 'biblioteca.livros' doesn't exist
in SYSTEMPATH/Database/MySQLi/Connection.php on line 311.
 1 SYSTEMPATH/Database/BaseConnection.php(693): CodeIgniter\Database\MySQLi\Connection->execute()
 2 SYSTEMPATH/Database/BaseConnection.php(607): CodeIgniter\Database\BaseConnection->simpleQuery()
 3 SYSTEMPATH/Database/BaseBuilder.php(1616): CodeIgniter\Database\BaseConnection->query()
 4 SYSTEMPATH/Model.php(242): CodeIgniter\Database\BaseBuilder->get()
 5 SYSTEMPATH/BaseModel.php(638): CodeIgniter\Model->doFindAll()
 6 APPPATH/Controllers/Emprestimo.php(28): CodeIgniter\BaseModel->findAll()
 7 SYSTEMPATH/CodeIgniter.php(941): App\Controllers\Emprestimo->index()
 8 SYSTEMPATH/CodeIgniter.php(502): CodeIgniter\CodeIgniter->runController()
 9 SYSTEMPATH/CodeIgniter.php(361): CodeIgniter\CodeIgniter->handleRequest()
10 FCPATH/index.php(79): CodeIgniter\CodeIgniter->run()
11 SYSTEMPATH/Commands/Server/rewrite.php(47): require_once('/opt/lampp/htdocs/ci4_biblioteca(1)/public/index.php')
CRITICAL - 2024-05-16 17:07:28 --> [Caused by] mysqli_sql_exception: Table 'biblioteca.livros' doesn't exist
in SYSTEMPATH/Database/MySQLi/Connection.php on line 306.
 1 SYSTEMPATH/Database/MySQLi/Connection.php(306): mysqli->query()
 2 SYSTEMPATH/Database/BaseConnection.php(693): CodeIgniter\Database\MySQLi\Connection->execute()
 3 SYSTEMPATH/Database/BaseConnection.php(607): CodeIgniter\Database\BaseConnection->simpleQuery()
 4 SYSTEMPATH/Database/BaseBuilder.php(1616): CodeIgniter\Database\BaseConnection->query()
 5 SYSTEMPATH/Model.php(242): CodeIgniter\Database\BaseBuilder->get()
 6 SYSTEMPATH/BaseModel.php(638): CodeIgniter\Model->doFindAll()
 7 APPPATH/Controllers/Emprestimo.php(28): CodeIgniter\BaseModel->findAll()
 8 SYSTEMPATH/CodeIgniter.php(941): App\Controllers\Emprestimo->index()
 9 SYSTEMPATH/CodeIgniter.php(502): CodeIgniter\CodeIgniter->runController()
10 SYSTEMPATH/CodeIgniter.php(361): CodeIgniter\CodeIgniter->handleRequest()
11 FCPATH/index.php(79): CodeIgniter\CodeIgniter->run()
12 SYSTEMPATH/Commands/Server/rewrite.php(47): require_once('/opt/lampp/htdocs/ci4_biblioteca(1)/public/index.php')
CRITICAL - 2024-05-16 17:11:20 --> CodeIgniter\View\Exceptions\ViewException: Invalid file: "Emprestimo/index.php"
in SYSTEMPATH/Exceptions/FrameworkException.php on line 39.
 1 SYSTEMPATH/View/View.php(216): CodeIgniter\Exceptions\FrameworkException::forInvalidFile()
 2 SYSTEMPATH/Common.php(1178): CodeIgniter\View\View->render()
 3 APPPATH/Controllers/Emprestimo.php(32): view()
 4 SYSTEMPATH/CodeIgniter.php(941): App\Controllers\Emprestimo->index()
 5 SYSTEMPATH/CodeIgniter.php(502): CodeIgniter\CodeIgniter->runController()
 6 SYSTEMPATH/CodeIgniter.php(361): CodeIgniter\CodeIgniter->handleRequest()
 7 FCPATH/index.php(79): CodeIgniter\CodeIgniter->run()
 8 SYSTEMPATH/Commands/Server/rewrite.php(47): require_once('/opt/lampp/htdocs/ci4_biblioteca(1)/public/index.php')
CRITICAL - 2024-05-16 17:20:22 --> ErrorException: Undefined array key "nome"
in APPPATH/Views/emprestimo/index.php on line 87.
 1 APPPATH/Views/emprestimo/index.php(87): CodeIgniter\Debug\Exceptions->errorHandler()
 2 SYSTEMPATH/View/View.php(228): include('/opt/lampp/htdocs/ci4_biblioteca(1)/app/Views/emprestimo/index.php')
 3 SYSTEMPATH/View/View.php(231): CodeIgniter\View\View->CodeIgniter\View\{closure}()
 4 SYSTEMPATH/Common.php(1178): CodeIgniter\View\View->render()
 5 APPPATH/Controllers/Emprestimo.php(32): view()
 6 SYSTEMPATH/CodeIgniter.php(941): App\Controllers\Emprestimo->index()
 7 SYSTEMPATH/CodeIgniter.php(502): CodeIgniter\CodeIgniter->runController()
 8 SYSTEMPATH/CodeIgniter.php(361): CodeIgniter\CodeIgniter->handleRequest()
 9 FCPATH/index.php(79): CodeIgniter\CodeIgniter->run()
10 SYSTEMPATH/Commands/Server/rewrite.php(47): require_once('/opt/lampp/htdocs/ci4_biblioteca(1)/public/index.php')
CRITICAL - 2024-05-16 17:20:38 --> ErrorException: Undefined array key "email"
in APPPATH/Views/emprestimo/index.php on line 87.
 1 APPPATH/Views/emprestimo/index.php(87): CodeIgniter\Debug\Exceptions->errorHandler()
 2 SYSTEMPATH/View/View.php(228): include('/opt/lampp/htdocs/ci4_biblioteca(1)/app/Views/emprestimo/index.php')
 3 SYSTEMPATH/View/View.php(231): CodeIgniter\View\View->CodeIgniter\View\{closure}()
 4 SYSTEMPATH/Common.php(1178): CodeIgniter\View\View->render()
 5 APPPATH/Controllers/Emprestimo.php(32): view()
 6 SYSTEMPATH/CodeIgniter.php(941): App\Controllers\Emprestimo->index()
 7 SYSTEMPATH/CodeIgniter.php(502): CodeIgniter\CodeIgniter->runController()
 8 SYSTEMPATH/CodeIgniter.php(361): CodeIgniter\CodeIgniter->handleRequest()
 9 FCPATH/index.php(79): CodeIgniter\CodeIgniter->run()
10 SYSTEMPATH/Commands/Server/rewrite.php(47): require_once('/opt/lampp/htdocs/ci4_biblioteca(1)/public/index.php')
CRITICAL - 2024-05-16 17:34:03 --> ErrorException: Undefined variable $listaObra
in APPPATH/Views/emprestimo/index.php on line 75.
 1 APPPATH/Views/emprestimo/index.php(75): CodeIgniter\Debug\Exceptions->errorHandler()
 2 SYSTEMPATH/View/View.php(228): include('/opt/lampp/htdocs/ci4_biblioteca(1)/app/Views/emprestimo/index.php')
 3 SYSTEMPATH/View/View.php(231): CodeIgniter\View\View->CodeIgniter\View\{closure}()
 4 SYSTEMPATH/Common.php(1178): CodeIgniter\View\View->render()
 5 APPPATH/Controllers/Emprestimo.php(36): view()
 6 SYSTEMPATH/CodeIgniter.php(941): App\Controllers\Emprestimo->index()
 7 SYSTEMPATH/CodeIgniter.php(502): CodeIgniter\CodeIgniter->runController()
 8 SYSTEMPATH/CodeIgniter.php(361): CodeIgniter\CodeIgniter->handleRequest()
 9 FCPATH/index.php(79): CodeIgniter\CodeIgniter->run()
10 SYSTEMPATH/Commands/Server/rewrite.php(47): require_once('/opt/lampp/htdocs/ci4_biblioteca(1)/public/index.php')
CRITICAL - 2024-05-16 17:34:33 --> ErrorException: Undefined property: App\Controllers\Emprestimo::$obraModel
in APPPATH/Controllers/Emprestimo.php on line 32.
 1 APPPATH/Controllers/Emprestimo.php(32): CodeIgniter\Debug\Exceptions->errorHandler()
 2 SYSTEMPATH/CodeIgniter.php(941): App\Controllers\Emprestimo->index()
 3 SYSTEMPATH/CodeIgniter.php(502): CodeIgniter\CodeIgniter->runController()
 4 SYSTEMPATH/CodeIgniter.php(361): CodeIgniter\CodeIgniter->handleRequest()
 5 FCPATH/index.php(79): CodeIgniter\CodeIgniter->run()
 6 SYSTEMPATH/Commands/Server/rewrite.php(47): require_once('/opt/lampp/htdocs/ci4_biblioteca(1)/public/index.php')
CRITICAL - 2024-05-16 17:34:46 --> ErrorException: Undefined variable $liv
in APPPATH/Views/emprestimo/index.php on line 77.
 1 APPPATH/Views/emprestimo/index.php(77): CodeIgniter\Debug\Exceptions->errorHandler()
 2 SYSTEMPATH/View/View.php(228): include('/opt/lampp/htdocs/ci4_biblioteca(1)/app/Views/emprestimo/index.php')
 3 SYSTEMPATH/View/View.php(231): CodeIgniter\View\View->CodeIgniter\View\{closure}()
 4 SYSTEMPATH/Common.php(1178): CodeIgniter\View\View->render()
 5 APPPATH/Controllers/Emprestimo.php(36): view()
 6 SYSTEMPATH/CodeIgniter.php(941): App\Controllers\Emprestimo->index()
 7 SYSTEMPATH/CodeIgniter.php(502): CodeIgniter\CodeIgniter->runController()
 8 SYSTEMPATH/CodeIgniter.php(361): CodeIgniter\CodeIgniter->handleRequest()
 9 FCPATH/index.php(79): CodeIgniter\CodeIgniter->run()
10 SYSTEMPATH/Commands/Server/rewrite.php(47): require_once('/opt/lampp/htdocs/ci4_biblioteca(1)/public/index.php')
