CRITICAL - 2024-05-14 16:40:03 --> ArgumentCountError: Too few arguments to function App\Controllers\Obra::editar(), 0 passed in /opt/lampp/htdocs/ci4_biblioteca(1)/system/CodeIgniter.php on line 941 and exactly 1 expected
in APPPATH/Controllers/Obra.php on line 41.
 1 SYSTEMPATH/CodeIgniter.php(941): App\Controllers\Obra->editar()
 2 SYSTEMPATH/CodeIgniter.php(502): CodeIgniter\CodeIgniter->runController()
 3 SYSTEMPATH/CodeIgniter.php(361): CodeIgniter\CodeIgniter->handleRequest()
 4 FCPATH/index.php(79): CodeIgniter\CodeIgniter->run()
 5 SYSTEMPATH/Commands/Server/rewrite.php(47): require_once('/opt/lampp/htdocs/ci4_biblioteca(1)/public/index.php')
CRITICAL - 2024-05-14 17:04:11 --> ErrorException: Undefined variable $listAutores
in APPPATH/Views/obra/edit.php on line 43.
 1 APPPATH/Views/obra/edit.php(43): CodeIgniter\Debug\Exceptions->errorHandler()
 2 SYSTEMPATH/View/View.php(228): include('/opt/lampp/htdocs/ci4_biblioteca(1)/app/Views/obra/edit.php')
 3 SYSTEMPATH/View/View.php(231): CodeIgniter\View\View->CodeIgniter\View\{closure}()
 4 SYSTEMPATH/Common.php(1178): CodeIgniter\View\View->render()
 5 APPPATH/Controllers/Obra.php(55): view()
 6 SYSTEMPATH/CodeIgniter.php(941): App\Controllers\Obra->editar()
 7 SYSTEMPATH/CodeIgniter.php(502): CodeIgniter\CodeIgniter->runController()
 8 SYSTEMPATH/CodeIgniter.php(361): CodeIgniter\CodeIgniter->handleRequest()
 9 FCPATH/index.php(79): CodeIgniter\CodeIgniter->run()
10 SYSTEMPATH/Commands/Server/rewrite.php(47): require_once('/opt/lampp/htdocs/ci4_biblioteca(1)/public/index.php')
CRITICAL - 2024-05-14 17:04:26 --> ErrorException: Undefined array key "id"
in APPPATH/Views/obra/edit.php on line 43.
 1 APPPATH/Views/obra/edit.php(43): CodeIgniter\Debug\Exceptions->errorHandler()
 2 SYSTEMPATH/View/View.php(228): include('/opt/lampp/htdocs/ci4_biblioteca(1)/app/Views/obra/edit.php')
 3 SYSTEMPATH/View/View.php(231): CodeIgniter\View\View->CodeIgniter\View\{closure}()
 4 SYSTEMPATH/Common.php(1178): CodeIgniter\View\View->render()
 5 APPPATH/Controllers/Obra.php(55): view()
 6 SYSTEMPATH/CodeIgniter.php(941): App\Controllers\Obra->editar()
 7 SYSTEMPATH/CodeIgniter.php(502): CodeIgniter\CodeIgniter->runController()
 8 SYSTEMPATH/CodeIgniter.php(361): CodeIgniter\CodeIgniter->handleRequest()
 9 FCPATH/index.php(79): CodeIgniter\CodeIgniter->run()
10 SYSTEMPATH/Commands/Server/rewrite.php(47): require_once('/opt/lampp/htdocs/ci4_biblioteca(1)/public/index.php')
CRITICAL - 2024-05-14 17:05:16 --> ErrorException: Undefined array key "id"
in APPPATH/Views/obra/edit.php on line 43.
 1 APPPATH/Views/obra/edit.php(43): CodeIgniter\Debug\Exceptions->errorHandler()
 2 SYSTEMPATH/View/View.php(228): include('/opt/lampp/htdocs/ci4_biblioteca(1)/app/Views/obra/edit.php')
 3 SYSTEMPATH/View/View.php(231): CodeIgniter\View\View->CodeIgniter\View\{closure}()
 4 SYSTEMPATH/Common.php(1178): CodeIgniter\View\View->render()
 5 APPPATH/Controllers/Obra.php(55): view()
 6 SYSTEMPATH/CodeIgniter.php(941): App\Controllers\Obra->editar()
 7 SYSTEMPATH/CodeIgniter.php(502): CodeIgniter\CodeIgniter->runController()
 8 SYSTEMPATH/CodeIgniter.php(361): CodeIgniter\CodeIgniter->handleRequest()
 9 FCPATH/index.php(79): CodeIgniter\CodeIgniter->run()
10 SYSTEMPATH/Commands/Server/rewrite.php(47): require_once('/opt/lampp/htdocs/ci4_biblioteca(1)/public/index.php')
CRITICAL - 2024-05-14 17:05:18 --> ErrorException: Undefined array key "id"
in APPPATH/Views/obra/edit.php on line 43.
 1 APPPATH/Views/obra/edit.php(43): CodeIgniter\Debug\Exceptions->errorHandler()
 2 SYSTEMPATH/View/View.php(228): include('/opt/lampp/htdocs/ci4_biblioteca(1)/app/Views/obra/edit.php')
 3 SYSTEMPATH/View/View.php(231): CodeIgniter\View\View->CodeIgniter\View\{closure}()
 4 SYSTEMPATH/Common.php(1178): CodeIgniter\View\View->render()
 5 APPPATH/Controllers/Obra.php(55): view()
 6 SYSTEMPATH/CodeIgniter.php(941): App\Controllers\Obra->editar()
 7 SYSTEMPATH/CodeIgniter.php(502): CodeIgniter\CodeIgniter->runController()
 8 SYSTEMPATH/CodeIgniter.php(361): CodeIgniter\CodeIgniter->handleRequest()
 9 FCPATH/index.php(79): CodeIgniter\CodeIgniter->run()
10 SYSTEMPATH/Commands/Server/rewrite.php(47): require_once('/opt/lampp/htdocs/ci4_biblioteca(1)/public/index.php')
CRITICAL - 2024-05-14 17:05:31 --> ErrorException: Undefined array key "id_autor"
in APPPATH/Views/obra/edit.php on line 43.
 1 APPPATH/Views/obra/edit.php(43): CodeIgniter\Debug\Exceptions->errorHandler()
 2 SYSTEMPATH/View/View.php(228): include('/opt/lampp/htdocs/ci4_biblioteca(1)/app/Views/obra/edit.php')
 3 SYSTEMPATH/View/View.php(231): CodeIgniter\View\View->CodeIgniter\View\{closure}()
 4 SYSTEMPATH/Common.php(1178): CodeIgniter\View\View->render()
 5 APPPATH/Controllers/Obra.php(55): view()
 6 SYSTEMPATH/CodeIgniter.php(941): App\Controllers\Obra->editar()
 7 SYSTEMPATH/CodeIgniter.php(502): CodeIgniter\CodeIgniter->runController()
 8 SYSTEMPATH/CodeIgniter.php(361): CodeIgniter\CodeIgniter->handleRequest()
 9 FCPATH/index.php(79): CodeIgniter\CodeIgniter->run()
10 SYSTEMPATH/Commands/Server/rewrite.php(47): require_once('/opt/lampp/htdocs/ci4_biblioteca(1)/public/index.php')
CRITICAL - 2024-05-14 17:05:38 --> ErrorException: Undefined array key "id"
in APPPATH/Views/obra/edit.php on line 43.
 1 APPPATH/Views/obra/edit.php(43): CodeIgniter\Debug\Exceptions->errorHandler()
 2 SYSTEMPATH/View/View.php(228): include('/opt/lampp/htdocs/ci4_biblioteca(1)/app/Views/obra/edit.php')
 3 SYSTEMPATH/View/View.php(231): CodeIgniter\View\View->CodeIgniter\View\{closure}()
 4 SYSTEMPATH/Common.php(1178): CodeIgniter\View\View->render()
 5 APPPATH/Controllers/Obra.php(55): view()
 6 SYSTEMPATH/CodeIgniter.php(941): App\Controllers\Obra->editar()
 7 SYSTEMPATH/CodeIgniter.php(502): CodeIgniter\CodeIgniter->runController()
 8 SYSTEMPATH/CodeIgniter.php(361): CodeIgniter\CodeIgniter->handleRequest()
 9 FCPATH/index.php(79): CodeIgniter\CodeIgniter->run()
10 SYSTEMPATH/Commands/Server/rewrite.php(47): require_once('/opt/lampp/htdocs/ci4_biblioteca(1)/public/index.php')
CRITICAL - 2024-05-14 17:06:12 --> ErrorException: Undefined array key "id"
in APPPATH/Views/obra/edit.php on line 43.
 1 APPPATH/Views/obra/edit.php(43): CodeIgniter\Debug\Exceptions->errorHandler()
 2 SYSTEMPATH/View/View.php(228): include('/opt/lampp/htdocs/ci4_biblioteca(1)/app/Views/obra/edit.php')
 3 SYSTEMPATH/View/View.php(231): CodeIgniter\View\View->CodeIgniter\View\{closure}()
 4 SYSTEMPATH/Common.php(1178): CodeIgniter\View\View->render()
 5 APPPATH/Controllers/Obra.php(55): view()
 6 SYSTEMPATH/CodeIgniter.php(941): App\Controllers\Obra->editar()
 7 SYSTEMPATH/CodeIgniter.php(502): CodeIgniter\CodeIgniter->runController()
 8 SYSTEMPATH/CodeIgniter.php(361): CodeIgniter\CodeIgniter->handleRequest()
 9 FCPATH/index.php(79): CodeIgniter\CodeIgniter->run()
10 SYSTEMPATH/Commands/Server/rewrite.php(47): require_once('/opt/lampp/htdocs/ci4_biblioteca(1)/public/index.php')
CRITICAL - 2024-05-14 17:08:57 --> ErrorException: Undefined array key 4
in APPPATH/Views/obra/edit.php on line 49.
 1 APPPATH/Views/obra/edit.php(49): CodeIgniter\Debug\Exceptions->errorHandler()
 2 SYSTEMPATH/View/View.php(228): include('/opt/lampp/htdocs/ci4_biblioteca(1)/app/Views/obra/edit.php')
 3 SYSTEMPATH/View/View.php(231): CodeIgniter\View\View->CodeIgniter\View\{closure}()
 4 SYSTEMPATH/Common.php(1178): CodeIgniter\View\View->render()
 5 APPPATH/Controllers/Obra.php(55): view()
 6 SYSTEMPATH/CodeIgniter.php(941): App\Controllers\Obra->editar()
 7 SYSTEMPATH/CodeIgniter.php(502): CodeIgniter\CodeIgniter->runController()
 8 SYSTEMPATH/CodeIgniter.php(361): CodeIgniter\CodeIgniter->handleRequest()
 9 FCPATH/index.php(79): CodeIgniter\CodeIgniter->run()
10 SYSTEMPATH/Commands/Server/rewrite.php(47): require_once('/opt/lampp/htdocs/ci4_biblioteca(1)/public/index.php')
ERROR - 2024-05-14 17:16:02 --> mysqli_sql_exception: Cannot delete or update a parent row: a foreign key constraint fails (`biblioteca`.`autor_obra`, CONSTRAINT `autor_obra_ibfk_1` FOREIGN KEY (`id_autor`) REFERENCES `autor` (`id`)) in /opt/lampp/htdocs/ci4_biblioteca(1)/system/Database/MySQLi/Connection.php:306
Stack trace:
#0 /opt/lampp/htdocs/ci4_biblioteca(1)/system/Database/MySQLi/Connection.php(306): mysqli->query()
#1 /opt/lampp/htdocs/ci4_biblioteca(1)/system/Database/BaseConnection.php(693): CodeIgniter\Database\MySQLi\Connection->execute()
#2 /opt/lampp/htdocs/ci4_biblioteca(1)/system/Database/BaseConnection.php(607): CodeIgniter\Database\BaseConnection->simpleQuery()
#3 /opt/lampp/htdocs/ci4_biblioteca(1)/system/Database/BaseBuilder.php(2787): CodeIgniter\Database\BaseConnection->query()
#4 /opt/lampp/htdocs/ci4_biblioteca(1)/system/Model.php(453): CodeIgniter\Database\BaseBuilder->delete()
#5 /opt/lampp/htdocs/ci4_biblioteca(1)/system/BaseModel.php(1117): CodeIgniter\Model->doDelete()
#6 /opt/lampp/htdocs/ci4_biblioteca(1)/app/Controllers/Autor.php(44): CodeIgniter\BaseModel->delete()
#7 /opt/lampp/htdocs/ci4_biblioteca(1)/system/CodeIgniter.php(941): App\Controllers\Autor->excluir()
#8 /opt/lampp/htdocs/ci4_biblioteca(1)/system/CodeIgniter.php(502): CodeIgniter\CodeIgniter->runController()
#9 /opt/lampp/htdocs/ci4_biblioteca(1)/system/CodeIgniter.php(361): CodeIgniter\CodeIgniter->handleRequest()
#10 /opt/lampp/htdocs/ci4_biblioteca(1)/public/index.php(79): CodeIgniter\CodeIgniter->run()
#11 /opt/lampp/htdocs/ci4_biblioteca(1)/system/Commands/Server/rewrite.php(47): require_once('...')
#12 {main}
CRITICAL - 2024-05-14 17:16:02 --> CodeIgniter\Database\Exceptions\DatabaseException: Cannot delete or update a parent row: a foreign key constraint fails (`biblioteca`.`autor_obra`, CONSTRAINT `autor_obra_ibfk_1` FOREIGN KEY (`id_autor`) REFERENCES `autor` (`id`))
in SYSTEMPATH/Database/BaseConnection.php on line 647.
 1 SYSTEMPATH/Database/BaseBuilder.php(2787): CodeIgniter\Database\BaseConnection->query()
 2 SYSTEMPATH/Model.php(453): CodeIgniter\Database\BaseBuilder->delete()
 3 SYSTEMPATH/BaseModel.php(1117): CodeIgniter\Model->doDelete()
 4 APPPATH/Controllers/Autor.php(44): CodeIgniter\BaseModel->delete()
 5 SYSTEMPATH/CodeIgniter.php(941): App\Controllers\Autor->excluir()
 6 SYSTEMPATH/CodeIgniter.php(502): CodeIgniter\CodeIgniter->runController()
 7 SYSTEMPATH/CodeIgniter.php(361): CodeIgniter\CodeIgniter->handleRequest()
 8 FCPATH/index.php(79): CodeIgniter\CodeIgniter->run()
 9 SYSTEMPATH/Commands/Server/rewrite.php(47): require_once('/opt/lampp/htdocs/ci4_biblioteca(1)/public/index.php')
CRITICAL - 2024-05-14 17:16:02 --> [Caused by] CodeIgniter\Database\Exceptions\DatabaseException: Cannot delete or update a parent row: a foreign key constraint fails (`biblioteca`.`autor_obra`, CONSTRAINT `autor_obra_ibfk_1` FOREIGN KEY (`id_autor`) REFERENCES `autor` (`id`))
in SYSTEMPATH/Database/MySQLi/Connection.php on line 311.
 1 SYSTEMPATH/Database/BaseConnection.php(693): CodeIgniter\Database\MySQLi\Connection->execute()
 2 SYSTEMPATH/Database/BaseConnection.php(607): CodeIgniter\Database\BaseConnection->simpleQuery()
 3 SYSTEMPATH/Database/BaseBuilder.php(2787): CodeIgniter\Database\BaseConnection->query()
 4 SYSTEMPATH/Model.php(453): CodeIgniter\Database\BaseBuilder->delete()
 5 SYSTEMPATH/BaseModel.php(1117): CodeIgniter\Model->doDelete()
 6 APPPATH/Controllers/Autor.php(44): CodeIgniter\BaseModel->delete()
 7 SYSTEMPATH/CodeIgniter.php(941): App\Controllers\Autor->excluir()
 8 SYSTEMPATH/CodeIgniter.php(502): CodeIgniter\CodeIgniter->runController()
 9 SYSTEMPATH/CodeIgniter.php(361): CodeIgniter\CodeIgniter->handleRequest()
10 FCPATH/index.php(79): CodeIgniter\CodeIgniter->run()
11 SYSTEMPATH/Commands/Server/rewrite.php(47): require_once('/opt/lampp/htdocs/ci4_biblioteca(1)/public/index.php')
CRITICAL - 2024-05-14 17:16:02 --> [Caused by] mysqli_sql_exception: Cannot delete or update a parent row: a foreign key constraint fails (`biblioteca`.`autor_obra`, CONSTRAINT `autor_obra_ibfk_1` FOREIGN KEY (`id_autor`) REFERENCES `autor` (`id`))
in SYSTEMPATH/Database/MySQLi/Connection.php on line 306.
 1 SYSTEMPATH/Database/MySQLi/Connection.php(306): mysqli->query()
 2 SYSTEMPATH/Database/BaseConnection.php(693): CodeIgniter\Database\MySQLi\Connection->execute()
 3 SYSTEMPATH/Database/BaseConnection.php(607): CodeIgniter\Database\BaseConnection->simpleQuery()
 4 SYSTEMPATH/Database/BaseBuilder.php(2787): CodeIgniter\Database\BaseConnection->query()
 5 SYSTEMPATH/Model.php(453): CodeIgniter\Database\BaseBuilder->delete()
 6 SYSTEMPATH/BaseModel.php(1117): CodeIgniter\Model->doDelete()
 7 APPPATH/Controllers/Autor.php(44): CodeIgniter\BaseModel->delete()
 8 SYSTEMPATH/CodeIgniter.php(941): App\Controllers\Autor->excluir()
 9 SYSTEMPATH/CodeIgniter.php(502): CodeIgniter\CodeIgniter->runController()
10 SYSTEMPATH/CodeIgniter.php(361): CodeIgniter\CodeIgniter->handleRequest()
11 FCPATH/index.php(79): CodeIgniter\CodeIgniter->run()
12 SYSTEMPATH/Commands/Server/rewrite.php(47): require_once('/opt/lampp/htdocs/ci4_biblioteca(1)/public/index.php')
ERROR - 2024-05-14 17:20:04 --> mysqli_sql_exception: Cannot delete or update a parent row: a foreign key constraint fails (`biblioteca`.`autor_obra`, CONSTRAINT `autor_obra_ibfk_2` FOREIGN KEY (`id_obra`) REFERENCES `obra` (`id`)) in /opt/lampp/htdocs/ci4_biblioteca(1)/system/Database/MySQLi/Connection.php:306
Stack trace:
#0 /opt/lampp/htdocs/ci4_biblioteca(1)/system/Database/MySQLi/Connection.php(306): mysqli->query()
#1 /opt/lampp/htdocs/ci4_biblioteca(1)/system/Database/BaseConnection.php(693): CodeIgniter\Database\MySQLi\Connection->execute()
#2 /opt/lampp/htdocs/ci4_biblioteca(1)/system/Database/BaseConnection.php(607): CodeIgniter\Database\BaseConnection->simpleQuery()
#3 /opt/lampp/htdocs/ci4_biblioteca(1)/system/Database/BaseBuilder.php(2787): CodeIgniter\Database\BaseConnection->query()
#4 /opt/lampp/htdocs/ci4_biblioteca(1)/system/Model.php(453): CodeIgniter\Database\BaseBuilder->delete()
#5 /opt/lampp/htdocs/ci4_biblioteca(1)/system/BaseModel.php(1117): CodeIgniter\Model->doDelete()
#6 /opt/lampp/htdocs/ci4_biblioteca(1)/app/Controllers/Obra.php(66): CodeIgniter\BaseModel->delete()
#7 /opt/lampp/htdocs/ci4_biblioteca(1)/system/CodeIgniter.php(941): App\Controllers\Obra->excluir()
#8 /opt/lampp/htdocs/ci4_biblioteca(1)/system/CodeIgniter.php(502): CodeIgniter\CodeIgniter->runController()
#9 /opt/lampp/htdocs/ci4_biblioteca(1)/system/CodeIgniter.php(361): CodeIgniter\CodeIgniter->handleRequest()
#10 /opt/lampp/htdocs/ci4_biblioteca(1)/public/index.php(79): CodeIgniter\CodeIgniter->run()
#11 /opt/lampp/htdocs/ci4_biblioteca(1)/system/Commands/Server/rewrite.php(47): require_once('...')
#12 {main}
CRITICAL - 2024-05-14 17:20:04 --> CodeIgniter\Database\Exceptions\DatabaseException: Cannot delete or update a parent row: a foreign key constraint fails (`biblioteca`.`autor_obra`, CONSTRAINT `autor_obra_ibfk_2` FOREIGN KEY (`id_obra`) REFERENCES `obra` (`id`))
in SYSTEMPATH/Database/BaseConnection.php on line 647.
 1 SYSTEMPATH/Database/BaseBuilder.php(2787): CodeIgniter\Database\BaseConnection->query()
 2 SYSTEMPATH/Model.php(453): CodeIgniter\Database\BaseBuilder->delete()
 3 SYSTEMPATH/BaseModel.php(1117): CodeIgniter\Model->doDelete()
 4 APPPATH/Controllers/Obra.php(66): CodeIgniter\BaseModel->delete()
 5 SYSTEMPATH/CodeIgniter.php(941): App\Controllers\Obra->excluir()
 6 SYSTEMPATH/CodeIgniter.php(502): CodeIgniter\CodeIgniter->runController()
 7 SYSTEMPATH/CodeIgniter.php(361): CodeIgniter\CodeIgniter->handleRequest()
 8 FCPATH/index.php(79): CodeIgniter\CodeIgniter->run()
 9 SYSTEMPATH/Commands/Server/rewrite.php(47): require_once('/opt/lampp/htdocs/ci4_biblioteca(1)/public/index.php')
CRITICAL - 2024-05-14 17:20:04 --> [Caused by] CodeIgniter\Database\Exceptions\DatabaseException: Cannot delete or update a parent row: a foreign key constraint fails (`biblioteca`.`autor_obra`, CONSTRAINT `autor_obra_ibfk_2` FOREIGN KEY (`id_obra`) REFERENCES `obra` (`id`))
in SYSTEMPATH/Database/MySQLi/Connection.php on line 311.
 1 SYSTEMPATH/Database/BaseConnection.php(693): CodeIgniter\Database\MySQLi\Connection->execute()
 2 SYSTEMPATH/Database/BaseConnection.php(607): CodeIgniter\Database\BaseConnection->simpleQuery()
 3 SYSTEMPATH/Database/BaseBuilder.php(2787): CodeIgniter\Database\BaseConnection->query()
 4 SYSTEMPATH/Model.php(453): CodeIgniter\Database\BaseBuilder->delete()
 5 SYSTEMPATH/BaseModel.php(1117): CodeIgniter\Model->doDelete()
 6 APPPATH/Controllers/Obra.php(66): CodeIgniter\BaseModel->delete()
 7 SYSTEMPATH/CodeIgniter.php(941): App\Controllers\Obra->excluir()
 8 SYSTEMPATH/CodeIgniter.php(502): CodeIgniter\CodeIgniter->runController()
 9 SYSTEMPATH/CodeIgniter.php(361): CodeIgniter\CodeIgniter->handleRequest()
10 FCPATH/index.php(79): CodeIgniter\CodeIgniter->run()
11 SYSTEMPATH/Commands/Server/rewrite.php(47): require_once('/opt/lampp/htdocs/ci4_biblioteca(1)/public/index.php')
CRITICAL - 2024-05-14 17:20:04 --> [Caused by] mysqli_sql_exception: Cannot delete or update a parent row: a foreign key constraint fails (`biblioteca`.`autor_obra`, CONSTRAINT `autor_obra_ibfk_2` FOREIGN KEY (`id_obra`) REFERENCES `obra` (`id`))
in SYSTEMPATH/Database/MySQLi/Connection.php on line 306.
 1 SYSTEMPATH/Database/MySQLi/Connection.php(306): mysqli->query()
 2 SYSTEMPATH/Database/BaseConnection.php(693): CodeIgniter\Database\MySQLi\Connection->execute()
 3 SYSTEMPATH/Database/BaseConnection.php(607): CodeIgniter\Database\BaseConnection->simpleQuery()
 4 SYSTEMPATH/Database/BaseBuilder.php(2787): CodeIgniter\Database\BaseConnection->query()
 5 SYSTEMPATH/Model.php(453): CodeIgniter\Database\BaseBuilder->delete()
 6 SYSTEMPATH/BaseModel.php(1117): CodeIgniter\Model->doDelete()
 7 APPPATH/Controllers/Obra.php(66): CodeIgniter\BaseModel->delete()
 8 SYSTEMPATH/CodeIgniter.php(941): App\Controllers\Obra->excluir()
 9 SYSTEMPATH/CodeIgniter.php(502): CodeIgniter\CodeIgniter->runController()
10 SYSTEMPATH/CodeIgniter.php(361): CodeIgniter\CodeIgniter->handleRequest()
11 FCPATH/index.php(79): CodeIgniter\CodeIgniter->run()
12 SYSTEMPATH/Commands/Server/rewrite.php(47): require_once('/opt/lampp/htdocs/ci4_biblioteca(1)/public/index.php')
ERROR - 2024-05-14 17:20:29 --> mysqli_sql_exception: Cannot delete or update a parent row: a foreign key constraint fails (`biblioteca`.`autor_obra`, CONSTRAINT `autor_obra_ibfk_2` FOREIGN KEY (`id_obra`) REFERENCES `obra` (`id`)) in /opt/lampp/htdocs/ci4_biblioteca(1)/system/Database/MySQLi/Connection.php:306
Stack trace:
#0 /opt/lampp/htdocs/ci4_biblioteca(1)/system/Database/MySQLi/Connection.php(306): mysqli->query()
#1 /opt/lampp/htdocs/ci4_biblioteca(1)/system/Database/BaseConnection.php(693): CodeIgniter\Database\MySQLi\Connection->execute()
#2 /opt/lampp/htdocs/ci4_biblioteca(1)/system/Database/BaseConnection.php(607): CodeIgniter\Database\BaseConnection->simpleQuery()
#3 /opt/lampp/htdocs/ci4_biblioteca(1)/system/Database/BaseBuilder.php(2787): CodeIgniter\Database\BaseConnection->query()
#4 /opt/lampp/htdocs/ci4_biblioteca(1)/system/Model.php(453): CodeIgniter\Database\BaseBuilder->delete()
#5 /opt/lampp/htdocs/ci4_biblioteca(1)/system/BaseModel.php(1117): CodeIgniter\Model->doDelete()
#6 /opt/lampp/htdocs/ci4_biblioteca(1)/app/Controllers/Obra.php(66): CodeIgniter\BaseModel->delete()
#7 /opt/lampp/htdocs/ci4_biblioteca(1)/system/CodeIgniter.php(941): App\Controllers\Obra->excluir()
#8 /opt/lampp/htdocs/ci4_biblioteca(1)/system/CodeIgniter.php(502): CodeIgniter\CodeIgniter->runController()
#9 /opt/lampp/htdocs/ci4_biblioteca(1)/system/CodeIgniter.php(361): CodeIgniter\CodeIgniter->handleRequest()
#10 /opt/lampp/htdocs/ci4_biblioteca(1)/public/index.php(79): CodeIgniter\CodeIgniter->run()
#11 /opt/lampp/htdocs/ci4_biblioteca(1)/system/Commands/Server/rewrite.php(47): require_once('...')
#12 {main}
CRITICAL - 2024-05-14 17:20:29 --> CodeIgniter\Database\Exceptions\DatabaseException: Cannot delete or update a parent row: a foreign key constraint fails (`biblioteca`.`autor_obra`, CONSTRAINT `autor_obra_ibfk_2` FOREIGN KEY (`id_obra`) REFERENCES `obra` (`id`))
in SYSTEMPATH/Database/BaseConnection.php on line 647.
 1 SYSTEMPATH/Database/BaseBuilder.php(2787): CodeIgniter\Database\BaseConnection->query()
 2 SYSTEMPATH/Model.php(453): CodeIgniter\Database\BaseBuilder->delete()
 3 SYSTEMPATH/BaseModel.php(1117): CodeIgniter\Model->doDelete()
 4 APPPATH/Controllers/Obra.php(66): CodeIgniter\BaseModel->delete()
 5 SYSTEMPATH/CodeIgniter.php(941): App\Controllers\Obra->excluir()
 6 SYSTEMPATH/CodeIgniter.php(502): CodeIgniter\CodeIgniter->runController()
 7 SYSTEMPATH/CodeIgniter.php(361): CodeIgniter\CodeIgniter->handleRequest()
 8 FCPATH/index.php(79): CodeIgniter\CodeIgniter->run()
 9 SYSTEMPATH/Commands/Server/rewrite.php(47): require_once('/opt/lampp/htdocs/ci4_biblioteca(1)/public/index.php')
CRITICAL - 2024-05-14 17:20:29 --> [Caused by] CodeIgniter\Database\Exceptions\DatabaseException: Cannot delete or update a parent row: a foreign key constraint fails (`biblioteca`.`autor_obra`, CONSTRAINT `autor_obra_ibfk_2` FOREIGN KEY (`id_obra`) REFERENCES `obra` (`id`))
in SYSTEMPATH/Database/MySQLi/Connection.php on line 311.
 1 SYSTEMPATH/Database/BaseConnection.php(693): CodeIgniter\Database\MySQLi\Connection->execute()
 2 SYSTEMPATH/Database/BaseConnection.php(607): CodeIgniter\Database\BaseConnection->simpleQuery()
 3 SYSTEMPATH/Database/BaseBuilder.php(2787): CodeIgniter\Database\BaseConnection->query()
 4 SYSTEMPATH/Model.php(453): CodeIgniter\Database\BaseBuilder->delete()
 5 SYSTEMPATH/BaseModel.php(1117): CodeIgniter\Model->doDelete()
 6 APPPATH/Controllers/Obra.php(66): CodeIgniter\BaseModel->delete()
 7 SYSTEMPATH/CodeIgniter.php(941): App\Controllers\Obra->excluir()
 8 SYSTEMPATH/CodeIgniter.php(502): CodeIgniter\CodeIgniter->runController()
 9 SYSTEMPATH/CodeIgniter.php(361): CodeIgniter\CodeIgniter->handleRequest()
10 FCPATH/index.php(79): CodeIgniter\CodeIgniter->run()
11 SYSTEMPATH/Commands/Server/rewrite.php(47): require_once('/opt/lampp/htdocs/ci4_biblioteca(1)/public/index.php')
CRITICAL - 2024-05-14 17:20:29 --> [Caused by] mysqli_sql_exception: Cannot delete or update a parent row: a foreign key constraint fails (`biblioteca`.`autor_obra`, CONSTRAINT `autor_obra_ibfk_2` FOREIGN KEY (`id_obra`) REFERENCES `obra` (`id`))
in SYSTEMPATH/Database/MySQLi/Connection.php on line 306.
 1 SYSTEMPATH/Database/MySQLi/Connection.php(306): mysqli->query()
 2 SYSTEMPATH/Database/BaseConnection.php(693): CodeIgniter\Database\MySQLi\Connection->execute()
 3 SYSTEMPATH/Database/BaseConnection.php(607): CodeIgniter\Database\BaseConnection->simpleQuery()
 4 SYSTEMPATH/Database/BaseBuilder.php(2787): CodeIgniter\Database\BaseConnection->query()
 5 SYSTEMPATH/Model.php(453): CodeIgniter\Database\BaseBuilder->delete()
 6 SYSTEMPATH/BaseModel.php(1117): CodeIgniter\Model->doDelete()
 7 APPPATH/Controllers/Obra.php(66): CodeIgniter\BaseModel->delete()
 8 SYSTEMPATH/CodeIgniter.php(941): App\Controllers\Obra->excluir()
 9 SYSTEMPATH/CodeIgniter.php(502): CodeIgniter\CodeIgniter->runController()
10 SYSTEMPATH/CodeIgniter.php(361): CodeIgniter\CodeIgniter->handleRequest()
11 FCPATH/index.php(79): CodeIgniter\CodeIgniter->run()
12 SYSTEMPATH/Commands/Server/rewrite.php(47): require_once('/opt/lampp/htdocs/ci4_biblioteca(1)/public/index.php')
ERROR - 2024-05-14 17:20:40 --> mysqli_sql_exception: Cannot delete or update a parent row: a foreign key constraint fails (`biblioteca`.`autor_obra`, CONSTRAINT `autor_obra_ibfk_2` FOREIGN KEY (`id_obra`) REFERENCES `obra` (`id`)) in /opt/lampp/htdocs/ci4_biblioteca(1)/system/Database/MySQLi/Connection.php:306
Stack trace:
#0 /opt/lampp/htdocs/ci4_biblioteca(1)/system/Database/MySQLi/Connection.php(306): mysqli->query()
#1 /opt/lampp/htdocs/ci4_biblioteca(1)/system/Database/BaseConnection.php(693): CodeIgniter\Database\MySQLi\Connection->execute()
#2 /opt/lampp/htdocs/ci4_biblioteca(1)/system/Database/BaseConnection.php(607): CodeIgniter\Database\BaseConnection->simpleQuery()
#3 /opt/lampp/htdocs/ci4_biblioteca(1)/system/Database/BaseBuilder.php(2787): CodeIgniter\Database\BaseConnection->query()
#4 /opt/lampp/htdocs/ci4_biblioteca(1)/system/Model.php(453): CodeIgniter\Database\BaseBuilder->delete()
#5 /opt/lampp/htdocs/ci4_biblioteca(1)/system/BaseModel.php(1117): CodeIgniter\Model->doDelete()
#6 /opt/lampp/htdocs/ci4_biblioteca(1)/app/Controllers/Obra.php(66): CodeIgniter\BaseModel->delete()
#7 /opt/lampp/htdocs/ci4_biblioteca(1)/system/CodeIgniter.php(941): App\Controllers\Obra->excluir()
#8 /opt/lampp/htdocs/ci4_biblioteca(1)/system/CodeIgniter.php(502): CodeIgniter\CodeIgniter->runController()
#9 /opt/lampp/htdocs/ci4_biblioteca(1)/system/CodeIgniter.php(361): CodeIgniter\CodeIgniter->handleRequest()
#10 /opt/lampp/htdocs/ci4_biblioteca(1)/public/index.php(79): CodeIgniter\CodeIgniter->run()
#11 /opt/lampp/htdocs/ci4_biblioteca(1)/system/Commands/Server/rewrite.php(47): require_once('...')
#12 {main}
CRITICAL - 2024-05-14 17:20:40 --> CodeIgniter\Database\Exceptions\DatabaseException: Cannot delete or update a parent row: a foreign key constraint fails (`biblioteca`.`autor_obra`, CONSTRAINT `autor_obra_ibfk_2` FOREIGN KEY (`id_obra`) REFERENCES `obra` (`id`))
in SYSTEMPATH/Database/BaseConnection.php on line 647.
 1 SYSTEMPATH/Database/BaseBuilder.php(2787): CodeIgniter\Database\BaseConnection->query()
 2 SYSTEMPATH/Model.php(453): CodeIgniter\Database\BaseBuilder->delete()
 3 SYSTEMPATH/BaseModel.php(1117): CodeIgniter\Model->doDelete()
 4 APPPATH/Controllers/Obra.php(66): CodeIgniter\BaseModel->delete()
 5 SYSTEMPATH/CodeIgniter.php(941): App\Controllers\Obra->excluir()
 6 SYSTEMPATH/CodeIgniter.php(502): CodeIgniter\CodeIgniter->runController()
 7 SYSTEMPATH/CodeIgniter.php(361): CodeIgniter\CodeIgniter->handleRequest()
 8 FCPATH/index.php(79): CodeIgniter\CodeIgniter->run()
 9 SYSTEMPATH/Commands/Server/rewrite.php(47): require_once('/opt/lampp/htdocs/ci4_biblioteca(1)/public/index.php')
CRITICAL - 2024-05-14 17:20:40 --> [Caused by] CodeIgniter\Database\Exceptions\DatabaseException: Cannot delete or update a parent row: a foreign key constraint fails (`biblioteca`.`autor_obra`, CONSTRAINT `autor_obra_ibfk_2` FOREIGN KEY (`id_obra`) REFERENCES `obra` (`id`))
in SYSTEMPATH/Database/MySQLi/Connection.php on line 311.
 1 SYSTEMPATH/Database/BaseConnection.php(693): CodeIgniter\Database\MySQLi\Connection->execute()
 2 SYSTEMPATH/Database/BaseConnection.php(607): CodeIgniter\Database\BaseConnection->simpleQuery()
 3 SYSTEMPATH/Database/BaseBuilder.php(2787): CodeIgniter\Database\BaseConnection->query()
 4 SYSTEMPATH/Model.php(453): CodeIgniter\Database\BaseBuilder->delete()
 5 SYSTEMPATH/BaseModel.php(1117): CodeIgniter\Model->doDelete()
 6 APPPATH/Controllers/Obra.php(66): CodeIgniter\BaseModel->delete()
 7 SYSTEMPATH/CodeIgniter.php(941): App\Controllers\Obra->excluir()
 8 SYSTEMPATH/CodeIgniter.php(502): CodeIgniter\CodeIgniter->runController()
 9 SYSTEMPATH/CodeIgniter.php(361): CodeIgniter\CodeIgniter->handleRequest()
10 FCPATH/index.php(79): CodeIgniter\CodeIgniter->run()
11 SYSTEMPATH/Commands/Server/rewrite.php(47): require_once('/opt/lampp/htdocs/ci4_biblioteca(1)/public/index.php')
CRITICAL - 2024-05-14 17:20:40 --> [Caused by] mysqli_sql_exception: Cannot delete or update a parent row: a foreign key constraint fails (`biblioteca`.`autor_obra`, CONSTRAINT `autor_obra_ibfk_2` FOREIGN KEY (`id_obra`) REFERENCES `obra` (`id`))
in SYSTEMPATH/Database/MySQLi/Connection.php on line 306.
 1 SYSTEMPATH/Database/MySQLi/Connection.php(306): mysqli->query()
 2 SYSTEMPATH/Database/BaseConnection.php(693): CodeIgniter\Database\MySQLi\Connection->execute()
 3 SYSTEMPATH/Database/BaseConnection.php(607): CodeIgniter\Database\BaseConnection->simpleQuery()
 4 SYSTEMPATH/Database/BaseBuilder.php(2787): CodeIgniter\Database\BaseConnection->query()
 5 SYSTEMPATH/Model.php(453): CodeIgniter\Database\BaseBuilder->delete()
 6 SYSTEMPATH/BaseModel.php(1117): CodeIgniter\Model->doDelete()
 7 APPPATH/Controllers/Obra.php(66): CodeIgniter\BaseModel->delete()
 8 SYSTEMPATH/CodeIgniter.php(941): App\Controllers\Obra->excluir()
 9 SYSTEMPATH/CodeIgniter.php(502): CodeIgniter\CodeIgniter->runController()
10 SYSTEMPATH/CodeIgniter.php(361): CodeIgniter\CodeIgniter->handleRequest()
11 FCPATH/index.php(79): CodeIgniter\CodeIgniter->run()
12 SYSTEMPATH/Commands/Server/rewrite.php(47): require_once('/opt/lampp/htdocs/ci4_biblioteca(1)/public/index.php')
ERROR - 2024-05-14 17:22:34 --> mysqli_sql_exception: Cannot delete or update a parent row: a foreign key constraint fails (`biblioteca`.`autor_obra`, CONSTRAINT `autor_obra_ibfk_1` FOREIGN KEY (`id_autor`) REFERENCES `autor` (`id`)) in /opt/lampp/htdocs/ci4_biblioteca(1)/system/Database/MySQLi/Connection.php:306
Stack trace:
#0 /opt/lampp/htdocs/ci4_biblioteca(1)/system/Database/MySQLi/Connection.php(306): mysqli->query()
#1 /opt/lampp/htdocs/ci4_biblioteca(1)/system/Database/BaseConnection.php(693): CodeIgniter\Database\MySQLi\Connection->execute()
#2 /opt/lampp/htdocs/ci4_biblioteca(1)/system/Database/BaseConnection.php(607): CodeIgniter\Database\BaseConnection->simpleQuery()
#3 /opt/lampp/htdocs/ci4_biblioteca(1)/system/Database/BaseBuilder.php(2787): CodeIgniter\Database\BaseConnection->query()
#4 /opt/lampp/htdocs/ci4_biblioteca(1)/system/Model.php(453): CodeIgniter\Database\BaseBuilder->delete()
#5 /opt/lampp/htdocs/ci4_biblioteca(1)/system/BaseModel.php(1117): CodeIgniter\Model->doDelete()
#6 /opt/lampp/htdocs/ci4_biblioteca(1)/app/Controllers/Autor.php(44): CodeIgniter\BaseModel->delete()
#7 /opt/lampp/htdocs/ci4_biblioteca(1)/system/CodeIgniter.php(941): App\Controllers\Autor->excluir()
#8 /opt/lampp/htdocs/ci4_biblioteca(1)/system/CodeIgniter.php(502): CodeIgniter\CodeIgniter->runController()
#9 /opt/lampp/htdocs/ci4_biblioteca(1)/system/CodeIgniter.php(361): CodeIgniter\CodeIgniter->handleRequest()
#10 /opt/lampp/htdocs/ci4_biblioteca(1)/public/index.php(79): CodeIgniter\CodeIgniter->run()
#11 /opt/lampp/htdocs/ci4_biblioteca(1)/system/Commands/Server/rewrite.php(47): require_once('...')
#12 {main}
CRITICAL - 2024-05-14 17:22:34 --> CodeIgniter\Database\Exceptions\DatabaseException: Cannot delete or update a parent row: a foreign key constraint fails (`biblioteca`.`autor_obra`, CONSTRAINT `autor_obra_ibfk_1` FOREIGN KEY (`id_autor`) REFERENCES `autor` (`id`))
in SYSTEMPATH/Database/BaseConnection.php on line 647.
 1 SYSTEMPATH/Database/BaseBuilder.php(2787): CodeIgniter\Database\BaseConnection->query()
 2 SYSTEMPATH/Model.php(453): CodeIgniter\Database\BaseBuilder->delete()
 3 SYSTEMPATH/BaseModel.php(1117): CodeIgniter\Model->doDelete()
 4 APPPATH/Controllers/Autor.php(44): CodeIgniter\BaseModel->delete()
 5 SYSTEMPATH/CodeIgniter.php(941): App\Controllers\Autor->excluir()
 6 SYSTEMPATH/CodeIgniter.php(502): CodeIgniter\CodeIgniter->runController()
 7 SYSTEMPATH/CodeIgniter.php(361): CodeIgniter\CodeIgniter->handleRequest()
 8 FCPATH/index.php(79): CodeIgniter\CodeIgniter->run()
 9 SYSTEMPATH/Commands/Server/rewrite.php(47): require_once('/opt/lampp/htdocs/ci4_biblioteca(1)/public/index.php')
CRITICAL - 2024-05-14 17:22:34 --> [Caused by] CodeIgniter\Database\Exceptions\DatabaseException: Cannot delete or update a parent row: a foreign key constraint fails (`biblioteca`.`autor_obra`, CONSTRAINT `autor_obra_ibfk_1` FOREIGN KEY (`id_autor`) REFERENCES `autor` (`id`))
in SYSTEMPATH/Database/MySQLi/Connection.php on line 311.
 1 SYSTEMPATH/Database/BaseConnection.php(693): CodeIgniter\Database\MySQLi\Connection->execute()
 2 SYSTEMPATH/Database/BaseConnection.php(607): CodeIgniter\Database\BaseConnection->simpleQuery()
 3 SYSTEMPATH/Database/BaseBuilder.php(2787): CodeIgniter\Database\BaseConnection->query()
 4 SYSTEMPATH/Model.php(453): CodeIgniter\Database\BaseBuilder->delete()
 5 SYSTEMPATH/BaseModel.php(1117): CodeIgniter\Model->doDelete()
 6 APPPATH/Controllers/Autor.php(44): CodeIgniter\BaseModel->delete()
 7 SYSTEMPATH/CodeIgniter.php(941): App\Controllers\Autor->excluir()
 8 SYSTEMPATH/CodeIgniter.php(502): CodeIgniter\CodeIgniter->runController()
 9 SYSTEMPATH/CodeIgniter.php(361): CodeIgniter\CodeIgniter->handleRequest()
10 FCPATH/index.php(79): CodeIgniter\CodeIgniter->run()
11 SYSTEMPATH/Commands/Server/rewrite.php(47): require_once('/opt/lampp/htdocs/ci4_biblioteca(1)/public/index.php')
CRITICAL - 2024-05-14 17:22:34 --> [Caused by] mysqli_sql_exception: Cannot delete or update a parent row: a foreign key constraint fails (`biblioteca`.`autor_obra`, CONSTRAINT `autor_obra_ibfk_1` FOREIGN KEY (`id_autor`) REFERENCES `autor` (`id`))
in SYSTEMPATH/Database/MySQLi/Connection.php on line 306.
 1 SYSTEMPATH/Database/MySQLi/Connection.php(306): mysqli->query()
 2 SYSTEMPATH/Database/BaseConnection.php(693): CodeIgniter\Database\MySQLi\Connection->execute()
 3 SYSTEMPATH/Database/BaseConnection.php(607): CodeIgniter\Database\BaseConnection->simpleQuery()
 4 SYSTEMPATH/Database/BaseBuilder.php(2787): CodeIgniter\Database\BaseConnection->query()
 5 SYSTEMPATH/Model.php(453): CodeIgniter\Database\BaseBuilder->delete()
 6 SYSTEMPATH/BaseModel.php(1117): CodeIgniter\Model->doDelete()
 7 APPPATH/Controllers/Autor.php(44): CodeIgniter\BaseModel->delete()
 8 SYSTEMPATH/CodeIgniter.php(941): App\Controllers\Autor->excluir()
 9 SYSTEMPATH/CodeIgniter.php(502): CodeIgniter\CodeIgniter->runController()
10 SYSTEMPATH/CodeIgniter.php(361): CodeIgniter\CodeIgniter->handleRequest()
11 FCPATH/index.php(79): CodeIgniter\CodeIgniter->run()
12 SYSTEMPATH/Commands/Server/rewrite.php(47): require_once('/opt/lampp/htdocs/ci4_biblioteca(1)/public/index.php')
ERROR - 2024-05-14 17:22:56 --> mysqli_sql_exception: Cannot delete or update a parent row: a foreign key constraint fails (`biblioteca`.`autor_obra`, CONSTRAINT `autor_obra_ibfk_2` FOREIGN KEY (`id_obra`) REFERENCES `obra` (`id`)) in /opt/lampp/htdocs/ci4_biblioteca(1)/system/Database/MySQLi/Connection.php:306
Stack trace:
#0 /opt/lampp/htdocs/ci4_biblioteca(1)/system/Database/MySQLi/Connection.php(306): mysqli->query()
#1 /opt/lampp/htdocs/ci4_biblioteca(1)/system/Database/BaseConnection.php(693): CodeIgniter\Database\MySQLi\Connection->execute()
#2 /opt/lampp/htdocs/ci4_biblioteca(1)/system/Database/BaseConnection.php(607): CodeIgniter\Database\BaseConnection->simpleQuery()
#3 /opt/lampp/htdocs/ci4_biblioteca(1)/system/Database/BaseBuilder.php(2787): CodeIgniter\Database\BaseConnection->query()
#4 /opt/lampp/htdocs/ci4_biblioteca(1)/system/Model.php(453): CodeIgniter\Database\BaseBuilder->delete()
#5 /opt/lampp/htdocs/ci4_biblioteca(1)/system/BaseModel.php(1117): CodeIgniter\Model->doDelete()
#6 /opt/lampp/htdocs/ci4_biblioteca(1)/app/Controllers/Obra.php(66): CodeIgniter\BaseModel->delete()
#7 /opt/lampp/htdocs/ci4_biblioteca(1)/system/CodeIgniter.php(941): App\Controllers\Obra->excluir()
#8 /opt/lampp/htdocs/ci4_biblioteca(1)/system/CodeIgniter.php(502): CodeIgniter\CodeIgniter->runController()
#9 /opt/lampp/htdocs/ci4_biblioteca(1)/system/CodeIgniter.php(361): CodeIgniter\CodeIgniter->handleRequest()
#10 /opt/lampp/htdocs/ci4_biblioteca(1)/public/index.php(79): CodeIgniter\CodeIgniter->run()
#11 /opt/lampp/htdocs/ci4_biblioteca(1)/system/Commands/Server/rewrite.php(47): require_once('...')
#12 {main}
CRITICAL - 2024-05-14 17:22:56 --> CodeIgniter\Database\Exceptions\DatabaseException: Cannot delete or update a parent row: a foreign key constraint fails (`biblioteca`.`autor_obra`, CONSTRAINT `autor_obra_ibfk_2` FOREIGN KEY (`id_obra`) REFERENCES `obra` (`id`))
in SYSTEMPATH/Database/BaseConnection.php on line 647.
 1 SYSTEMPATH/Database/BaseBuilder.php(2787): CodeIgniter\Database\BaseConnection->query()
 2 SYSTEMPATH/Model.php(453): CodeIgniter\Database\BaseBuilder->delete()
 3 SYSTEMPATH/BaseModel.php(1117): CodeIgniter\Model->doDelete()
 4 APPPATH/Controllers/Obra.php(66): CodeIgniter\BaseModel->delete()
 5 SYSTEMPATH/CodeIgniter.php(941): App\Controllers\Obra->excluir()
 6 SYSTEMPATH/CodeIgniter.php(502): CodeIgniter\CodeIgniter->runController()
 7 SYSTEMPATH/CodeIgniter.php(361): CodeIgniter\CodeIgniter->handleRequest()
 8 FCPATH/index.php(79): CodeIgniter\CodeIgniter->run()
 9 SYSTEMPATH/Commands/Server/rewrite.php(47): require_once('/opt/lampp/htdocs/ci4_biblioteca(1)/public/index.php')
CRITICAL - 2024-05-14 17:22:56 --> [Caused by] CodeIgniter\Database\Exceptions\DatabaseException: Cannot delete or update a parent row: a foreign key constraint fails (`biblioteca`.`autor_obra`, CONSTRAINT `autor_obra_ibfk_2` FOREIGN KEY (`id_obra`) REFERENCES `obra` (`id`))
in SYSTEMPATH/Database/MySQLi/Connection.php on line 311.
 1 SYSTEMPATH/Database/BaseConnection.php(693): CodeIgniter\Database\MySQLi\Connection->execute()
 2 SYSTEMPATH/Database/BaseConnection.php(607): CodeIgniter\Database\BaseConnection->simpleQuery()
 3 SYSTEMPATH/Database/BaseBuilder.php(2787): CodeIgniter\Database\BaseConnection->query()
 4 SYSTEMPATH/Model.php(453): CodeIgniter\Database\BaseBuilder->delete()
 5 SYSTEMPATH/BaseModel.php(1117): CodeIgniter\Model->doDelete()
 6 APPPATH/Controllers/Obra.php(66): CodeIgniter\BaseModel->delete()
 7 SYSTEMPATH/CodeIgniter.php(941): App\Controllers\Obra->excluir()
 8 SYSTEMPATH/CodeIgniter.php(502): CodeIgniter\CodeIgniter->runController()
 9 SYSTEMPATH/CodeIgniter.php(361): CodeIgniter\CodeIgniter->handleRequest()
10 FCPATH/index.php(79): CodeIgniter\CodeIgniter->run()
11 SYSTEMPATH/Commands/Server/rewrite.php(47): require_once('/opt/lampp/htdocs/ci4_biblioteca(1)/public/index.php')
CRITICAL - 2024-05-14 17:22:56 --> [Caused by] mysqli_sql_exception: Cannot delete or update a parent row: a foreign key constraint fails (`biblioteca`.`autor_obra`, CONSTRAINT `autor_obra_ibfk_2` FOREIGN KEY (`id_obra`) REFERENCES `obra` (`id`))
in SYSTEMPATH/Database/MySQLi/Connection.php on line 306.
 1 SYSTEMPATH/Database/MySQLi/Connection.php(306): mysqli->query()
 2 SYSTEMPATH/Database/BaseConnection.php(693): CodeIgniter\Database\MySQLi\Connection->execute()
 3 SYSTEMPATH/Database/BaseConnection.php(607): CodeIgniter\Database\BaseConnection->simpleQuery()
 4 SYSTEMPATH/Database/BaseBuilder.php(2787): CodeIgniter\Database\BaseConnection->query()
 5 SYSTEMPATH/Model.php(453): CodeIgniter\Database\BaseBuilder->delete()
 6 SYSTEMPATH/BaseModel.php(1117): CodeIgniter\Model->doDelete()
 7 APPPATH/Controllers/Obra.php(66): CodeIgniter\BaseModel->delete()
 8 SYSTEMPATH/CodeIgniter.php(941): App\Controllers\Obra->excluir()
 9 SYSTEMPATH/CodeIgniter.php(502): CodeIgniter\CodeIgniter->runController()
10 SYSTEMPATH/CodeIgniter.php(361): CodeIgniter\CodeIgniter->handleRequest()
11 FCPATH/index.php(79): CodeIgniter\CodeIgniter->run()
12 SYSTEMPATH/Commands/Server/rewrite.php(47): require_once('/opt/lampp/htdocs/ci4_biblioteca(1)/public/index.php')
